\BOOKMARK [1][-]{section.1}{\376\377\000R\000a\000n\000d\000o\000m\000\040\000S\000e\000n\000t\000e\000n\000c\000e\000\040\000G\000e\000n\000e\000r\000a\000t\000o\000r}{}% 1
\BOOKMARK [2][-]{subsection.1.1}{\376\377\000S\000a\000m\000p\000l\000e\000\040\000s\000e\000n\000t\000e\000n\000c\000e\000s}{section.1}% 2
\BOOKMARK [2][-]{subsection.1.2}{\376\377\000S\000a\000m\000p\000l\000e\000\040\000s\000e\000n\000t\000e\000n\000c\000e\000s\000\040\000w\000i\000t\000h\000\040\000t\000r\000e\000e\000s}{section.1}% 3
\BOOKMARK [3][-]{subsubsection.1.2.1}{}{subsection.1.2}% 4
\BOOKMARK [3][-]{subsubsection.1.2.2}{}{subsection.1.2}% 5
\BOOKMARK [2][-]{subsection.1.3}{\376\377\000S\000a\000m\000p\000l\000e\000\040\000s\000e\000n\000t\000e\000n\000c\000e\000s\000\040\000w\000i\000t\000h\000\040\000t\000r\000e\000e\000s\000,\000\040\000w\000i\000t\000h\000\040\000m\000a\000x\000\040\0005\000\040\000e\000x\000p\000a\000n\000s\000i\000o\000n\000s}{section.1}% 6
\BOOKMARK [3][-]{subsubsection.1.3.1}{}{subsection.1.3}% 7
\BOOKMARK [3][-]{subsubsection.1.3.2}{}{subsection.1.3}% 8
\BOOKMARK [1][-]{section.2}{\376\377\000U\000n\000d\000e\000r\000s\000t\000a\000n\000d\000i\000n\000g\000\040\000G\000r\000a\000m\000m\000a\000r\000\040\000R\000u\000l\000e\000s\000\040\000a\000n\000d\000\040\000W\000e\000i\000g\000h\000t\000s}{}% 9
\BOOKMARK [2][-]{subsection.2.1}{\376\377\000Q\000u\000e\000s\000t\000i\000o\000n\000s}{section.2}% 10
\BOOKMARK [3][-]{subsubsection.2.1.1}{}{subsection.2.1}% 11
\BOOKMARK [3][-]{subsubsection.2.1.2}{}{subsection.2.1}% 12
\BOOKMARK [3][-]{subsubsection.2.1.3}{}{subsection.2.1}% 13
\BOOKMARK [3][-]{subsubsection.2.1.4}{}{subsection.2.1}% 14
\BOOKMARK [3][-]{subsubsection.2.1.5}{}{subsection.2.1}% 15
\BOOKMARK [2][-]{subsection.2.2}{\376\377\000G\000r\000a\000m\000m\000a\000r\000\040\000M\000o\000d\000i\000f\000i\000c\000a\000t\000i\000o\000n}{section.2}% 16
\BOOKMARK [2][-]{subsection.2.3}{\376\377\000Q\000u\000e\000s\000t\000i\000o\000n\000s\000\040\000c\000o\000n\000t\000i\000n\000u\000e\000d}{section.2}% 17
\BOOKMARK [3][-]{subsubsection.2.3.1}{}{subsection.2.3}% 18
\BOOKMARK [3][-]{subsubsection.2.3.2}{}{subsection.2.3}% 19
\BOOKMARK [1][-]{section.3}{\376\377\000S\000e\000n\000t\000e\000n\000c\000e\000\040\000A\000m\000b\000i\000g\000u\000i\000t\000y\000\040\000a\000n\000d\000\040\000P\000a\000r\000s\000i\000n\000g}{}% 20
\BOOKMARK [2][-]{subsection.3.1}{\376\377\000Q\000u\000e\000s\000t\000i\000o\000n\000s}{section.3}% 21
\BOOKMARK [3][-]{subsubsection.3.1.1}{}{subsection.3.1}% 22
\BOOKMARK [2][-]{subsection.3.2}{\376\377\000P\000a\000r\000s\000e\000r\000s}{section.3}% 23
\BOOKMARK [2][-]{subsection.3.3}{\376\377\000Q\000u\000e\000s\000t\000i\000o\000n\000s\000\040\000c\000o\000n\000t\000i\000n\000u\000e\000d}{section.3}% 24
\BOOKMARK [3][-]{subsubsection.3.3.1}{}{subsection.3.3}% 25
\BOOKMARK [3][-]{subsubsection.3.3.2}{}{subsection.3.3}% 26
\BOOKMARK [3][-]{subsubsection.3.3.3}{}{subsection.3.3}% 27
\BOOKMARK [3][-]{subsubsection.3.3.4}{}{subsection.3.3}% 28
\BOOKMARK [3][-]{subsubsection.3.3.5}{}{subsection.3.3}% 29
\BOOKMARK [3][-]{subsubsection.3.3.6}{}{subsection.3.3}% 30
\BOOKMARK [1][-]{section.4}{\376\377\000E\000x\000t\000e\000n\000d\000i\000n\000g\000\040\000t\000h\000e\000\040\000G\000r\000a\000m\000m\000a\000r}{}% 31
\BOOKMARK [1][-]{section.5}{\376\377\000E\000x\000t\000r\000a\000\040\000C\000r\000e\000d\000i\000t\000:\000\040\000E\000x\000t\000e\000n\000d\000i\000n\000g\000\040\000F\000u\000r\000t\000h\000e\000r\000!}{}% 32
